This is pdfTeX, Version 3.141592653-2.6-1.40.23 (TeX Live 2021/W32TeX) (preloaded format=pdflatex 2021.7.27)  27 JUL 2021 15:58
entering extended mode
 restricted \write18 enabled.
 %&-line parsing enabled.
**attrition.tex
(./attrition.tex
LaTeX2e <2021-06-01> patch level 1
L3 programming layer <2021-07-12>
(c:/Users/OMPHILE/AppData/Roaming/TinyTeX/texmf-dist/tex/latex/ctex/ctexart.cls

(c:/Users/OMPHILE/AppData/Roaming/TinyTeX/texmf-dist/tex/latex/ctex/config/ctex
backend.cfg
File: ctexbackend.cfg 2021/06/20 v2.5.7 Backend configuration file (CTEX)
)
(c:/Users/OMPHILE/AppData/Roaming/TinyTeX/texmf-dist/tex/latex/l3kernel/expl3.s
ty
Package: expl3 2021-07-12 L3 programming layer (loader) 

(c:/Users/OMPHILE/AppData/Roaming/TinyTeX/texmf-dist/tex/latex/l3backend/l3back
end-pdftex.def
File: l3backend-pdftex.def 2021-07-12 L3 backend support: PDF output (pdfTeX)
\l__color_backend_stack_int=\count182
\l__pdf_internal_box=\box50
))
Document Class: ctexart 2021/06/20 v2.5.7 Chinese adapter for class article (CT
EX)

(c:/Users/OMPHILE/AppData/Roaming/TinyTeX/texmf-dist/tex/latex/l3packages/xpars
e/xparse.sty
Package: xparse 2021-06-18 L3 Experimental document command parser
)
(c:/Users/OMPHILE/AppData/Roaming/TinyTeX/texmf-dist/tex/latex/l3packages/l3key
s2e/l3keys2e.sty
Package: l3keys2e 2021-06-18 LaTeX2e option processing using LaTeX3 keys
)
(c:/Users/OMPHILE/AppData/Roaming/TinyTeX/texmf-dist/tex/latex/ctex/ctexhook.st
y
Package: ctexhook 2021/06/20 v2.5.7 Document and package hooks (CTEX)
)
(c:/Users/OMPHILE/AppData/Roaming/TinyTeX/texmf-dist/tex/latex/ctex/ctexpatch.s
ty
Package: ctexpatch 2021/06/20 v2.5.7 Patching commands (CTEX)
) (c:/Users/OMPHILE/AppData/Roaming/TinyTeX/texmf-dist/tex/latex/base/fix-cm.st
y
Package: fix-cm 2020/11/24 v1.1t fixes to LaTeX
(c:/Users/OMPHILE/AppData/Roaming/TinyTeX/texmf-dist/tex/latex/base/ts1enc.def
File: ts1enc.def 2001/06/05 v3.0e (jk/car/fm) Standard LaTeX file
LaTeX Font Info:    Redeclaring font encoding TS1 on input line 47.
))
\l__ctex_tmp_int=\count183
\l__ctex_tmp_box=\box51
\l__ctex_tmp_dim=\dimen138
\g__ctex_section_depth_int=\count184
\g__ctex_font_size_int=\count185

(c:/Users/OMPHILE/AppData/Roaming/TinyTeX/texmf-dist/tex/latex/ctex/config/ctex
opts.cfg
File: ctexopts.cfg 2021/06/20 v2.5.7 Option configuration file (CTEX)
)

Package ctex Warning: UTF8 will be used as the default encoding.


(c:/Users/OMPHILE/AppData/Roaming/TinyTeX/texmf-dist/tex/latex/base/article.cls
Document Class: article 2021/02/12 v1.4n Standard LaTeX document class
(c:/Users/OMPHILE/AppData/Roaming/TinyTeX/texmf-dist/tex/latex/base/size10.clo
File: size10.clo 2021/02/12 v1.4n Standard LaTeX file (size option)
)
\c@part=\count186
\c@section=\count187
\c@subsection=\count188
\c@subsubsection=\count189
\c@paragraph=\count190
\c@subparagraph=\count191
\c@figure=\count192
\c@table=\count193
\abovecaptionskip=\skip47
\belowcaptionskip=\skip48
\bibindent=\dimen139
)
(c:/Users/OMPHILE/AppData/Roaming/TinyTeX/texmf-dist/tex/latex/ctex/engine/ctex
-engine-pdftex.def
File: ctex-engine-pdftex.def 2021/06/20 v2.5.7 (pdf)LaTeX adapter (CTEX)

(c:/Users/OMPHILE/AppData/Roaming/TinyTeX/texmf-dist/tex/latex/cjk/texinput/CJK
utf8.sty
Package: CJKutf8 2015/04/18 4.8.4

(c:/Users/OMPHILE/AppData/Roaming/TinyTeX/texmf-dist/tex/generic/iftex/ifpdf.st
y
Package: ifpdf 2019/10/25 v3.4 ifpdf legacy package. Use iftex instead.

(c:/Users/OMPHILE/AppData/Roaming/TinyTeX/texmf-dist/tex/generic/iftex/iftex.st
y
Package: iftex 2020/03/06 v1.0d TeX engine tests
))
(c:/Users/OMPHILE/AppData/Roaming/TinyTeX/texmf-dist/tex/latex/base/inputenc.st
y
Package: inputenc 2021/02/14 v1.3d Input encoding file
\inpenc@prehook=\toks16
\inpenc@posthook=\toks17
)
(c:/Users/OMPHILE/AppData/Roaming/TinyTeX/texmf-dist/tex/latex/cjk/texinput/CJK
.sty
Package: CJK 2015/04/18 4.8.4

(c:/Users/OMPHILE/AppData/Roaming/TinyTeX/texmf-dist/tex/latex/cjk/texinput/mul
e/MULEenc.sty
Package: MULEenc 2015/04/18 4.8.4
)
(c:/Users/OMPHILE/AppData/Roaming/TinyTeX/texmf-dist/tex/latex/cjk/texinput/CJK
.enc
File: CJK.enc 2015/04/18 4.8.4
Now handling font encoding C00 ...
... no UTF-8 mapping file for font encoding C00
Now handling font encoding C05 ...
... no UTF-8 mapping file for font encoding C05
Now handling font encoding C09 ...
... no UTF-8 mapping file for font encoding C09
Now handling font encoding C10 ...
... no UTF-8 mapping file for font encoding C10
Now handling font encoding C20 ...
... no UTF-8 mapping file for font encoding C20
Now handling font encoding C19 ...
... no UTF-8 mapping file for font encoding C19
Now handling font encoding C40 ...
... no UTF-8 mapping file for font encoding C40
Now handling font encoding C42 ...
... no UTF-8 mapping file for font encoding C42
Now handling font encoding C43 ...
... no UTF-8 mapping file for font encoding C43
Now handling font encoding C50 ...
... no UTF-8 mapping file for font encoding C50
Now handling font encoding C52 ...
... no UTF-8 mapping file for font encoding C52
Now handling font encoding C49 ...
... no UTF-8 mapping file for font encoding C49
Now handling font encoding C60 ...
... no UTF-8 mapping file for font encoding C60
Now handling font encoding C61 ...
... no UTF-8 mapping file for font encoding C61
Now handling font encoding C63 ...
... no UTF-8 mapping file for font encoding C63
Now handling font encoding C64 ...
... no UTF-8 mapping file for font encoding C64
Now handling font encoding C65 ...
... no UTF-8 mapping file for font encoding C65
Now handling font encoding C70 ...
... no UTF-8 mapping file for font encoding C70
Now handling font encoding C31 ...
... no UTF-8 mapping file for font encoding C31
Now handling font encoding C32 ...
... no UTF-8 mapping file for font encoding C32
Now handling font encoding C33 ...
... no UTF-8 mapping file for font encoding C33
Now handling font encoding C34 ...
... no UTF-8 mapping file for font encoding C34
Now handling font encoding C35 ...
... no UTF-8 mapping file for font encoding C35
Now handling font encoding C36 ...
... no UTF-8 mapping file for font encoding C36
Now handling font encoding C37 ...
... no UTF-8 mapping file for font encoding C37
Now handling font encoding C80 ...
... no UTF-8 mapping file for font encoding C80
Now handling font encoding C81 ...
... no UTF-8 mapping file for font encoding C81
Now handling font encoding C01 ...
... no UTF-8 mapping file for font encoding C01
Now handling font encoding C11 ...
... no UTF-8 mapping file for font encoding C11
Now handling font encoding C21 ...
... no UTF-8 mapping file for font encoding C21
Now handling font encoding C41 ...
... no UTF-8 mapping file for font encoding C41
Now handling font encoding C62 ...
... no UTF-8 mapping file for font encoding C62
)
LaTeX Info: Redefining \selectfont on input line 755.
\CJK@indent=\box52
)
(c:/Users/OMPHILE/AppData/Roaming/TinyTeX/texmf-dist/tex/latex/base/fontenc.sty
Package: fontenc 2021/04/29 v2.0v Standard LaTeX package
))
(c:/Users/OMPHILE/AppData/Roaming/TinyTeX/texmf-dist/tex/latex/cjkpunct/CJKpunc
t.sty
Package: CJKpunct 2016/05/14 4.8.4
\CJKpunct@cnta=\count194
\CJKpunct@cntb=\count195
\CJKpunct@cntc=\count196
\CJKpunct@cntd=\count197
\CJKpunct@cnte=\count198
   defining Unicode char U+2018 (decimal 8216)
   defining Unicode char U+2019 (decimal 8217)
   defining Unicode char U+201C (decimal 8220)
   defining Unicode char U+201D (decimal 8221)
   defining Unicode char U+2014 (decimal 8212)
   defining Unicode char U+2026 (decimal 8230)

(c:/Users/OMPHILE/AppData/Roaming/TinyTeX/texmf-dist/tex/latex/cjkpunct/CJKpunc
t.spa))
(c:/Users/OMPHILE/AppData/Roaming/TinyTeX/texmf-dist/tex/latex/cjk/texinput/CJK
space.sty
Package: CJKspace 2015/04/18 3.8.0
)
(c:/Users/OMPHILE/AppData/Roaming/TinyTeX/texmf-dist/tex/latex/ctex/ctexspa.def
File: ctexspa.def 2021/06/20 v2.5.7 Space info for CJKpunct (CTEX)
)
\ccwd=\dimen140
\l__ctex_ccglue_skip=\skip49
)
\l__ctex_ziju_dim=\dimen141

(c:/Users/OMPHILE/AppData/Roaming/TinyTeX/texmf-dist/tex/latex/zhnumber/zhnumbe
r.sty
Package: zhnumber 2020/05/01 v2.8 Typesetting numbers with Chinese glyphs
\l__zhnum_scale_int=\count199
\l__zhnum_byte_min_int=\count266
\l__zhnum_byte_max_int=\count267

(c:/Users/OMPHILE/AppData/Roaming/TinyTeX/texmf-dist/tex/latex/zhnumber/zhnumbe
r-utf8.cfg
File: zhnumber-utf8.cfg 2020/05/01 v2.8 Chinese numerals with UTF8 encoding
))
\l__ctex_heading_skip=\skip50

(c:/Users/OMPHILE/AppData/Roaming/TinyTeX/texmf-dist/tex/latex/ctex/scheme/ctex
-scheme-chinese-article.def
File: ctex-scheme-chinese-article.def 2021/06/20 v2.5.7 Chinese scheme for arti
cle (CTEX)

(c:/Users/OMPHILE/AppData/Roaming/TinyTeX/texmf-dist/tex/latex/ctex/config/ctex
-name-utf8.cfg
File: ctex-name-utf8.cfg 2021/06/20 v2.5.7 Caption with encoding UTF-8 (CTEX)
))
(c:/Users/OMPHILE/AppData/Roaming/TinyTeX/texmf-dist/tex/latex/ctex/ctex-c5size
.clo
File: ctex-c5size.clo 2021/06/20 v2.5.7 c5size option (CTEX)
)
(c:/Users/OMPHILE/AppData/Roaming/TinyTeX/texmf-dist/tex/latex/ctex/fontset/cte
x-fontset-windows.def
File: ctex-fontset-windows.def 2021/06/20 v2.5.7 Windows fonts definition (CTEX
)
))
(c:/Users/OMPHILE/AppData/Roaming/TinyTeX/texmf-dist/tex/latex/ctex/config/ctex
.cfg
File: ctex.cfg 2021/06/20 v2.5.7 Configuration file (CTEX)
)
(c:/Users/OMPHILE/AppData/Roaming/TinyTeX/texmf-dist/tex/latex/amsmath/amsmath.
sty
Package: amsmath 2021/04/20 v2.17j AMS math features
\@mathmargin=\skip51
For additional information on amsmath, use the `?' option.

(c:/Users/OMPHILE/AppData/Roaming/TinyTeX/texmf-dist/tex/latex/amsmath/amstext.
sty
Package: amstext 2000/06/29 v2.01 AMS text

(c:/Users/OMPHILE/AppData/Roaming/TinyTeX/texmf-dist/tex/latex/amsmath/amsgen.s
ty
File: amsgen.sty 1999/11/30 v2.0 generic functions
\@emptytoks=\toks18
\ex@=\dimen142
))
(c:/Users/OMPHILE/AppData/Roaming/TinyTeX/texmf-dist/tex/latex/amsmath/amsbsy.s
ty
Package: amsbsy 1999/11/29 v1.2d Bold Symbols
\pmbraise@=\dimen143
)
(c:/Users/OMPHILE/AppData/Roaming/TinyTeX/texmf-dist/tex/latex/amsmath/amsopn.s
ty
Package: amsopn 2016/03/08 v2.02 operator names
)
\inf@bad=\count268
LaTeX Info: Redefining \frac on input line 234.
\uproot@=\count269
\leftroot@=\count270
LaTeX Info: Redefining \overline on input line 399.
\classnum@=\count271
\DOTSCASE@=\count272
LaTeX Info: Redefining \ldots on input line 496.
LaTeX Info: Redefining \dots on input line 499.
LaTeX Info: Redefining \cdots on input line 620.
\Mathstrutbox@=\box53
\strutbox@=\box54
\big@size=\dimen144
LaTeX Font Info:    Redeclaring font encoding OML on input line 743.
LaTeX Font Info:    Redeclaring font encoding OMS on input line 744.
\macc@depth=\count273
\c@MaxMatrixCols=\count274
\dotsspace@=\muskip16
\c@parentequation=\count275
\dspbrk@lvl=\count276
\tag@help=\toks19
\row@=\count277
\column@=\count278
\maxfields@=\count279
\andhelp@=\toks20
\eqnshift@=\dimen145
\alignsep@=\dimen146
\tagshift@=\dimen147
\tagwidth@=\dimen148
\totwidth@=\dimen149
\lineht@=\dimen150
\@envbody=\toks21
\multlinegap=\skip52
\multlinetaggap=\skip53
\mathdisplay@stack=\toks22
LaTeX Info: Redefining \[ on input line 2923.
LaTeX Info: Redefining \] on input line 2924.
)
(c:/Users/OMPHILE/AppData/Roaming/TinyTeX/texmf-dist/tex/latex/amsfonts/amssymb
.sty
Package: amssymb 2013/01/14 v3.01 AMS font symbols

(c:/Users/OMPHILE/AppData/Roaming/TinyTeX/texmf-dist/tex/latex/amsfonts/amsfont
s.sty
Package: amsfonts 2013/01/14 v3.01 Basic AMSFonts support
\symAMSa=\mathgroup4
\symAMSb=\mathgroup5
LaTeX Font Info:    Redeclaring math symbol \hbar on input line 98.
LaTeX Font Info:    Overwriting math alphabet `\mathfrak' in version `bold'
(Font)                  U/euf/m/n --> U/euf/b/n on input line 106.
)) (c:/Users/OMPHILE/AppData/Roaming/TinyTeX/texmf-dist/tex/latex/lm/lmodern.st
y
Package: lmodern 2015/05/01 v1.6.1 Latin Modern Fonts
LaTeX Font Info:    Overwriting symbol font `operators' in version `normal'
(Font)                  OT1/cmr/m/n --> OT1/lmr/m/n on input line 22.
LaTeX Font Info:    Overwriting symbol font `letters' in version `normal'
(Font)                  OML/cmm/m/it --> OML/lmm/m/it on input line 23.
LaTeX Font Info:    Overwriting symbol font `symbols' in version `normal'
(Font)                  OMS/cmsy/m/n --> OMS/lmsy/m/n on input line 24.
LaTeX Font Info:    Overwriting symbol font `largesymbols' in version `normal'
(Font)                  OMX/cmex/m/n --> OMX/lmex/m/n on input line 25.
LaTeX Font Info:    Overwriting symbol font `operators' in version `bold'
(Font)                  OT1/cmr/bx/n --> OT1/lmr/bx/n on input line 26.
LaTeX Font Info:    Overwriting symbol font `letters' in version `bold'
(Font)                  OML/cmm/b/it --> OML/lmm/b/it on input line 27.
LaTeX Font Info:    Overwriting symbol font `symbols' in version `bold'
(Font)                  OMS/cmsy/b/n --> OMS/lmsy/b/n on input line 28.
LaTeX Font Info:    Overwriting symbol font `largesymbols' in version `bold'
(Font)                  OMX/cmex/m/n --> OMX/lmex/m/n on input line 29.
LaTeX Font Info:    Overwriting math alphabet `\mathbf' in version `normal'
(Font)                  OT1/cmr/bx/n --> OT1/lmr/bx/n on input line 31.
LaTeX Font Info:    Overwriting math alphabet `\mathsf' in version `normal'
(Font)                  OT1/cmss/m/n --> OT1/lmss/m/n on input line 32.
LaTeX Font Info:    Overwriting math alphabet `\mathit' in version `normal'
(Font)                  OT1/cmr/m/it --> OT1/lmr/m/it on input line 33.
LaTeX Font Info:    Overwriting math alphabet `\mathtt' in version `normal'
(Font)                  OT1/cmtt/m/n --> OT1/lmtt/m/n on input line 34.
LaTeX Font Info:    Overwriting math alphabet `\mathbf' in version `bold'
(Font)                  OT1/cmr/bx/n --> OT1/lmr/bx/n on input line 35.
LaTeX Font Info:    Overwriting math alphabet `\mathsf' in version `bold'
(Font)                  OT1/cmss/bx/n --> OT1/lmss/bx/n on input line 36.
LaTeX Font Info:    Overwriting math alphabet `\mathit' in version `bold'
(Font)                  OT1/cmr/bx/it --> OT1/lmr/bx/it on input line 37.
LaTeX Font Info:    Overwriting math alphabet `\mathtt' in version `bold'
(Font)                  OT1/cmtt/m/n --> OT1/lmtt/m/n on input line 38.
)
(c:/Users/OMPHILE/AppData/Roaming/TinyTeX/texmf-dist/tex/generic/iftex/ifxetex.
sty
Package: ifxetex 2019/10/25 v0.7 ifxetex legacy package. Use iftex instead.
)
(c:/Users/OMPHILE/AppData/Roaming/TinyTeX/texmf-dist/tex/generic/iftex/ifluatex
.sty
Package: ifluatex 2019/10/25 v1.5 ifluatex legacy package. Use iftex instead.
)
(c:/Users/OMPHILE/AppData/Roaming/TinyTeX/texmf-dist/tex/latex/base/fontenc.sty
Package: fontenc 2021/04/29 v2.0v Standard LaTeX package
LaTeX Font Info:    Trying to load font information for T1+lmr on input line 11
2.
(c:/Users/OMPHILE/AppData/Roaming/TinyTeX/texmf-dist/tex/latex/lm/t1lmr.fd
File: t1lmr.fd 2015/05/01 v1.6.1 Font defs for Latin Modern
))
(c:/Users/OMPHILE/AppData/Roaming/TinyTeX/texmf-dist/tex/latex/base/textcomp.st
y
Package: textcomp 2020/02/02 v2.0n Standard LaTeX package
)
(c:/Users/OMPHILE/AppData/Roaming/TinyTeX/texmf-dist/tex/latex/xcolor/xcolor.st
y
Package: xcolor 2016/05/11 v2.12 LaTeX color extensions (UK)

(c:/Users/OMPHILE/AppData/Roaming/TinyTeX/texmf-dist/tex/latex/graphics-cfg/col
or.cfg
File: color.cfg 2016/01/02 v1.6 sample color configuration
)
Package xcolor Info: Driver file: pdftex.def on input line 225.

(c:/Users/OMPHILE/AppData/Roaming/TinyTeX/texmf-dist/tex/latex/graphics-def/pdf
tex.def
File: pdftex.def 2020/10/05 v1.2a Graphics/color driver for pdftex
)
Package xcolor Info: Model `cmy' substituted by `cmy0' on input line 1348.
Package xcolor Info: Model `hsb' substituted by `rgb' on input line 1352.
Package xcolor Info: Model `RGB' extended on input line 1364.
Package xcolor Info: Model `HTML' substituted by `rgb' on input line 1366.
Package xcolor Info: Model `Hsb' substituted by `hsb' on input line 1367.
Package xcolor Info: Model `tHsb' substituted by `hsb' on input line 1368.
Package xcolor Info: Model `HSB' substituted by `hsb' on input line 1369.
Package xcolor Info: Model `Gray' substituted by `gray' on input line 1370.
Package xcolor Info: Model `wave' substituted by `hsb' on input line 1371.
)
(c:/Users/OMPHILE/AppData/Roaming/TinyTeX/texmf-dist/tex/latex/hyperref/hyperre
f.sty
Package: hyperref 2021-06-07 v7.00m Hypertext links for LaTeX

(c:/Users/OMPHILE/AppData/Roaming/TinyTeX/texmf-dist/tex/generic/ltxcmds/ltxcmd
s.sty
Package: ltxcmds 2020-05-10 v1.25 LaTeX kernel commands for general use (HO)
)
(c:/Users/OMPHILE/AppData/Roaming/TinyTeX/texmf-dist/tex/generic/pdftexcmds/pdf
texcmds.sty
Package: pdftexcmds 2020-06-27 v0.33 Utility functions of pdfTeX for LuaTeX (HO
)

(c:/Users/OMPHILE/AppData/Roaming/TinyTeX/texmf-dist/tex/generic/infwarerr/infw
arerr.sty
Package: infwarerr 2019/12/03 v1.5 Providing info/warning/error messages (HO)
)
Package pdftexcmds Info: \pdf@primitive is available.
Package pdftexcmds Info: \pdf@ifprimitive is available.
Package pdftexcmds Info: \pdfdraftmode found.
)
(c:/Users/OMPHILE/AppData/Roaming/TinyTeX/texmf-dist/tex/latex/graphics/keyval.
sty
Package: keyval 2014/10/28 v1.15 key=value parser (DPC)
\KV@toks@=\toks23
)
(c:/Users/OMPHILE/AppData/Roaming/TinyTeX/texmf-dist/tex/generic/kvsetkeys/kvse
tkeys.sty
Package: kvsetkeys 2019/12/15 v1.18 Key value parser (HO)
)
(c:/Users/OMPHILE/AppData/Roaming/TinyTeX/texmf-dist/tex/generic/kvdefinekeys/k
vdefinekeys.sty
Package: kvdefinekeys 2019-12-19 v1.6 Define keys (HO)
)
(c:/Users/OMPHILE/AppData/Roaming/TinyTeX/texmf-dist/tex/generic/pdfescape/pdfe
scape.sty
Package: pdfescape 2019/12/09 v1.15 Implements pdfTeX's escape features (HO)
)
(c:/Users/OMPHILE/AppData/Roaming/TinyTeX/texmf-dist/tex/latex/hycolor/hycolor.
sty
Package: hycolor 2020-01-27 v1.10 Color options for hyperref/bookmark (HO)
)
(c:/Users/OMPHILE/AppData/Roaming/TinyTeX/texmf-dist/tex/latex/letltxmacro/letl
txmacro.sty
Package: letltxmacro 2019/12/03 v1.6 Let assignment for LaTeX macros (HO)
)
(c:/Users/OMPHILE/AppData/Roaming/TinyTeX/texmf-dist/tex/latex/auxhook/auxhook.
sty
Package: auxhook 2019-12-17 v1.6 Hooks for auxiliary files (HO)
)
(c:/Users/OMPHILE/AppData/Roaming/TinyTeX/texmf-dist/tex/latex/kvoptions/kvopti
ons.sty
Package: kvoptions 2020-10-07 v3.14 Key value format for package options (HO)
)
\@linkdim=\dimen151
\Hy@linkcounter=\count280
\Hy@pagecounter=\count281

(c:/Users/OMPHILE/AppData/Roaming/TinyTeX/texmf-dist/tex/latex/hyperref/pd1enc.
def
File: pd1enc.def 2021-06-07 v7.00m Hyperref: PDFDocEncoding definition (HO)
Now handling font encoding PD1 ...
... no UTF-8 mapping file for font encoding PD1
)
(c:/Users/OMPHILE/AppData/Roaming/TinyTeX/texmf-dist/tex/latex/hyperref/hyperre
f-langpatches.def
File: hyperref-langpatches.def 2021-06-07 v7.00m Hyperref: patches for babel la
nguages
)
(c:/Users/OMPHILE/AppData/Roaming/TinyTeX/texmf-dist/tex/generic/intcalc/intcal
c.sty
Package: intcalc 2019/12/15 v1.3 Expandable calculations with integers (HO)
)
(c:/Users/OMPHILE/AppData/Roaming/TinyTeX/texmf-dist/tex/generic/etexcmds/etexc
mds.sty
Package: etexcmds 2019/12/15 v1.7 Avoid name clashes with e-TeX commands (HO)
)
\Hy@SavedSpaceFactor=\count282

(c:/Users/OMPHILE/AppData/Roaming/TinyTeX/texmf-dist/tex/latex/hyperref/puenc.d
ef
File: puenc.def 2021-06-07 v7.00m Hyperref: PDF Unicode definition (HO)
Now handling font encoding PU ...
... no UTF-8 mapping file for font encoding PU
)
Package hyperref Info: Option `unicode' set `true' on input line 4073.
Package hyperref Info: Option `unicode' set `true' on input line 4073.
Package hyperref Info: Hyper figures OFF on input line 4192.
Package hyperref Info: Link nesting OFF on input line 4197.
Package hyperref Info: Hyper index ON on input line 4200.
Package hyperref Info: Plain pages OFF on input line 4207.
Package hyperref Info: Backreferencing OFF on input line 4212.
Package hyperref Info: Implicit mode ON; LaTeX internals redefined.
Package hyperref Info: Bookmarks ON on input line 4445.
\c@Hy@tempcnt=\count283
(c:/Users/OMPHILE/AppData/Roaming/TinyTeX/texmf-dist/tex/latex/url/url.sty
\Urlmuskip=\muskip17
Package: url 2013/09/16  ver 3.4  Verb mode for urls, etc.
)
LaTeX Info: Redefining \url on input line 4804.
\XeTeXLinkMargin=\dimen152

(c:/Users/OMPHILE/AppData/Roaming/TinyTeX/texmf-dist/tex/generic/bitset/bitset.
sty
Package: bitset 2019/12/09 v1.3 Handle bit-vector datatype (HO)

(c:/Users/OMPHILE/AppData/Roaming/TinyTeX/texmf-dist/tex/generic/bigintcalc/big
intcalc.sty
Package: bigintcalc 2019/12/15 v1.5 Expandable calculations on big integers (HO
)
))
\Fld@menulength=\count284
\Field@Width=\dimen153
\Fld@charsize=\dimen154
Package hyperref Info: Hyper figures OFF on input line 6076.
Package hyperref Info: Link nesting OFF on input line 6081.
Package hyperref Info: Hyper index ON on input line 6084.
Package hyperref Info: backreferencing OFF on input line 6091.
Package hyperref Info: Link coloring OFF on input line 6096.
Package hyperref Info: Link coloring with OCG OFF on input line 6101.
Package hyperref Info: PDF/A mode OFF on input line 6106.
LaTeX Info: Redefining \ref on input line 6146.
LaTeX Info: Redefining \pageref on input line 6150.

(c:/Users/OMPHILE/AppData/Roaming/TinyTeX/texmf-dist/tex/latex/base/atbegshi-lt
x.sty
Package: atbegshi-ltx 2021/01/10 v1.0c Emulation of the original atbegshi
package with kernel methods
)
\Hy@abspage=\count285
\c@Item=\count286
\c@Hfootnote=\count287
)
Package hyperref Info: Driver (autodetected): hpdftex.

(c:/Users/OMPHILE/AppData/Roaming/TinyTeX/texmf-dist/tex/latex/hyperref/hpdftex
.def
File: hpdftex.def 2021-06-07 v7.00m Hyperref driver for pdfTeX

(c:/Users/OMPHILE/AppData/Roaming/TinyTeX/texmf-dist/tex/latex/base/atveryend-l
tx.sty
Package: atveryend-ltx 2020/08/19 v1.0a Emulation of the original atvery packag
e
with kernel methods
)
\Fld@listcount=\count288
\c@bookmark@seq@number=\count289

(c:/Users/OMPHILE/AppData/Roaming/TinyTeX/texmf-dist/tex/latex/rerunfilecheck/r
erunfilecheck.sty
Package: rerunfilecheck 2019/12/05 v1.9 Rerun checks for auxiliary files (HO)

(c:/Users/OMPHILE/AppData/Roaming/TinyTeX/texmf-dist/tex/generic/uniquecounter/
uniquecounter.sty
Package: uniquecounter 2019/12/15 v1.4 Provide unlimited unique counter (HO)
)
Package uniquecounter Info: New unique counter `rerunfilecheck' on input line 2
86.
)
\Hy@SectionHShift=\skip54
)
(c:/Users/OMPHILE/AppData/Roaming/TinyTeX/texmf-dist/tex/latex/fancyvrb/fancyvr
b.sty
Package: fancyvrb 2021/01/20 v3.7 verbatim text (tvz,hv)
\FV@CodeLineNo=\count290
\FV@InFile=\read2
\FV@TabBox=\box55
\c@FancyVerbLine=\count291
\FV@StepNumber=\count292
\FV@OutFile=\write3
)
(c:/Users/OMPHILE/AppData/Roaming/TinyTeX/texmf-dist/tex/latex/framed/framed.st
y
Package: framed 2011/10/22 v 0.96: framed or shaded text with page breaks
\OuterFrameSep=\skip55
\fb@frw=\dimen155
\fb@frh=\dimen156
\FrameRule=\dimen157
\FrameSep=\dimen158
)
(c:/Users/OMPHILE/AppData/Roaming/TinyTeX/texmf-dist/tex/latex/graphics/graphic
x.sty
Package: graphicx 2020/12/05 v1.2c Enhanced LaTeX Graphics (DPC,SPQR)

(c:/Users/OMPHILE/AppData/Roaming/TinyTeX/texmf-dist/tex/latex/graphics/graphic
s.sty
Package: graphics 2021/03/04 v1.4d Standard LaTeX Graphics (DPC,SPQR)

(c:/Users/OMPHILE/AppData/Roaming/TinyTeX/texmf-dist/tex/latex/graphics/trig.st
y
Package: trig 2016/01/03 v1.10 sin cos tan (DPC)
)
(c:/Users/OMPHILE/AppData/Roaming/TinyTeX/texmf-dist/tex/latex/graphics-cfg/gra
phics.cfg
File: graphics.cfg 2016/06/04 v1.11 sample graphics configuration
)
Package graphics Info: Driver file: pdftex.def on input line 107.
)
\Gin@req@height=\dimen159
\Gin@req@width=\dimen160
)
(c:/Users/OMPHILE/AppData/Roaming/TinyTeX/texmf-dist/tex/latex/cjk/texinput/UTF
8/UTF8.bdg
File: UTF8.bdg 2015/04/18 4.8.4
)
(c:/Users/OMPHILE/AppData/Roaming/TinyTeX/texmf-dist/tex/latex/cjk/texinput/UTF
8/UTF8.enc
File: UTF8.enc 2015/04/18 4.8.4
)
(c:/Users/OMPHILE/AppData/Roaming/TinyTeX/texmf-dist/tex/latex/cjk/texinput/UTF
8/UTF8.chr
File: UTF8.chr 2015/04/18 4.8.4
) (./attrition.aux)
\openout1 = `attrition.aux'.

LaTeX Font Info:    Checking defaults for OML/cmm/m/it on input line 109.
LaTeX Font Info:    ... okay on input line 109.
LaTeX Font Info:    Checking defaults for OMS/cmsy/m/n on input line 109.
LaTeX Font Info:    ... okay on input line 109.
LaTeX Font Info:    Checking defaults for OT1/cmr/m/n on input line 109.
LaTeX Font Info:    ... okay on input line 109.
LaTeX Font Info:    Checking defaults for T1/cmr/m/n on input line 109.
LaTeX Font Info:    ... okay on input line 109.
LaTeX Font Info:    Checking defaults for TS1/cmr/m/n on input line 109.
LaTeX Font Info:    ... okay on input line 109.
LaTeX Font Info:    Checking defaults for OMX/cmex/m/n on input line 109.
LaTeX Font Info:    ... okay on input line 109.
LaTeX Font Info:    Checking defaults for U/cmr/m/n on input line 109.
LaTeX Font Info:    ... okay on input line 109.
LaTeX Font Info:    Checking defaults for C00/song/m/n on input line 109.
LaTeX Font Info:    ... okay on input line 109.
LaTeX Font Info:    Checking defaults for C05/song/m/n on input line 109.
LaTeX Font Info:    ... okay on input line 109.
LaTeX Font Info:    Checking defaults for C09/song/m/n on input line 109.
LaTeX Font Info:    ... okay on input line 109.
LaTeX Font Info:    Checking defaults for C10/song/m/n on input line 109.
LaTeX Font Info:    ... okay on input line 109.
LaTeX Font Info:    Checking defaults for C20/song/m/n on input line 109.
LaTeX Font Info:    ... okay on input line 109.
LaTeX Font Info:    Checking defaults for C19/song/m/n on input line 109.
LaTeX Font Info:    ... okay on input line 109.
LaTeX Font Info:    Checking defaults for C40/song/m/n on input line 109.
LaTeX Font Info:    ... okay on input line 109.
LaTeX Font Info:    Checking defaults for C42/song/m/n on input line 109.
LaTeX Font Info:    ... okay on input line 109.
LaTeX Font Info:    Checking defaults for C43/song/m/n on input line 109.
LaTeX Font Info:    ... okay on input line 109.
LaTeX Font Info:    Checking defaults for C50/song/m/n on input line 109.
LaTeX Font Info:    ... okay on input line 109.
LaTeX Font Info:    Checking defaults for C52/song/m/n on input line 109.
LaTeX Font Info:    ... okay on input line 109.
LaTeX Font Info:    Checking defaults for C49/song/m/n on input line 109.
LaTeX Font Info:    ... okay on input line 109.
LaTeX Font Info:    Checking defaults for C60/mj/m/n on input line 109.
LaTeX Font Info:    ... okay on input line 109.
LaTeX Font Info:    Checking defaults for C61/mj/m/n on input line 109.
LaTeX Font Info:    ... okay on input line 109.
LaTeX Font Info:    Checking defaults for C63/mj/m/n on input line 109.
LaTeX Font Info:    ... okay on input line 109.
LaTeX Font Info:    Checking defaults for C64/mj/m/n on input line 109.
LaTeX Font Info:    ... okay on input line 109.
LaTeX Font Info:    Checking defaults for C65/mj/m/n on input line 109.
LaTeX Font Info:    ... okay on input line 109.
LaTeX Font Info:    Checking defaults for C70/song/m/n on input line 109.
LaTeX Font Info:    ... okay on input line 109.
LaTeX Font Info:    Checking defaults for C31/song/m/n on input line 109.
LaTeX Font Info:    ... okay on input line 109.
LaTeX Font Info:    Checking defaults for C32/song/m/n on input line 109.
LaTeX Font Info:    ... okay on input line 109.
LaTeX Font Info:    Checking defaults for C33/song/m/n on input line 109.
LaTeX Font Info:    ... okay on input line 109.
LaTeX Font Info:    Checking defaults for C34/song/m/n on input line 109.
LaTeX Font Info:    ... okay on input line 109.
LaTeX Font Info:    Checking defaults for C35/song/m/n on input line 109.
LaTeX Font Info:    ... okay on input line 109.
LaTeX Font Info:    Checking defaults for C36/song/m/n on input line 109.
LaTeX Font Info:    ... okay on input line 109.
LaTeX Font Info:    Checking defaults for C37/song/m/n on input line 109.
LaTeX Font Info:    ... okay on input line 109.
LaTeX Font Info:    Checking defaults for C80/song/m/n on input line 109.
LaTeX Font Info:    ... okay on input line 109.
LaTeX Font Info:    Checking defaults for C81/song/m/n on input line 109.
LaTeX Font Info:    ... okay on input line 109.
LaTeX Font Info:    Checking defaults for C01/song/m/n on input line 109.
LaTeX Font Info:    ... okay on input line 109.
LaTeX Font Info:    Checking defaults for C11/song/m/n on input line 109.
LaTeX Font Info:    ... okay on input line 109.
LaTeX Font Info:    Checking defaults for C21/song/m/n on input line 109.
LaTeX Font Info:    ... okay on input line 109.
LaTeX Font Info:    Checking defaults for C41/song/m/n on input line 109.
LaTeX Font Info:    ... okay on input line 109.
LaTeX Font Info:    Checking defaults for C62/song/m/n on input line 109.
LaTeX Font Info:    ... okay on input line 109.
LaTeX Font Info:    Checking defaults for PD1/pdf/m/n on input line 109.
LaTeX Font Info:    ... okay on input line 109.
LaTeX Font Info:    Checking defaults for PU/pdf/m/n on input line 109.
LaTeX Font Info:    ... okay on input line 109.

(c:/Users/OMPHILE/AppData/Roaming/TinyTeX/texmf-dist/tex/context/base/mkii/supp
-pdf.mkii
[Loading MPS to PDF converter (version 2006.09.02).]
\scratchcounter=\count293
\scratchdimen=\dimen161
\scratchbox=\box56
\nofMPsegments=\count294
\nofMParguments=\count295
\everyMPshowfont=\toks24
\MPscratchCnt=\count296
\MPscratchDim=\dimen162
\MPnumerator=\count297
\makeMPintoPDFobject=\count298
\everyMPtoPDFconversion=\toks25
)
(c:/Users/OMPHILE/AppData/Roaming/TinyTeX/texmf-dist/tex/latex/epstopdf-pkg/eps
topdf-base.sty
Package: epstopdf-base 2020-01-24 v2.11 Base part for package epstopdf
Package epstopdf-base Info: Redefining graphics rule for `.eps' on input line 4
85.

(c:/Users/OMPHILE/AppData/Roaming/TinyTeX/texmf-dist/tex/latex/latexconfig/epst
opdf-sys.cfg
File: epstopdf-sys.cfg 2010/07/13 v1.3 Configuration of (r)epstopdf for TeX Liv
e
))
Package hyperref Info: Link coloring OFF on input line 109.

(c:/Users/OMPHILE/AppData/Roaming/TinyTeX/texmf-dist/tex/latex/hyperref/nameref
.sty
Package: nameref 2021-04-02 v2.47 Cross-referencing by name of section

(c:/Users/OMPHILE/AppData/Roaming/TinyTeX/texmf-dist/tex/latex/refcount/refcoun
t.sty
Package: refcount 2019/12/15 v3.6 Data extraction from label references (HO)
)
(c:/Users/OMPHILE/AppData/Roaming/TinyTeX/texmf-dist/tex/generic/gettitlestring
/gettitlestring.sty
Package: gettitlestring 2019/12/15 v1.6 Cleanup title references (HO)
)
\c@section@level=\count299
)
LaTeX Info: Redefining \ref on input line 109.
LaTeX Info: Redefining \pageref on input line 109.
LaTeX Info: Redefining \nameref on input line 109.
(./attrition.out) (./attrition.out)
\@outlinefile=\write4
\openout4 = `attrition.out'.

LaTeX Font Info:    Trying to load font information for OT1+lmr on input line 1
11.
(c:/Users/OMPHILE/AppData/Roaming/TinyTeX/texmf-dist/tex/latex/lm/ot1lmr.fd
File: ot1lmr.fd 2015/05/01 v1.6.1 Font defs for Latin Modern
)
LaTeX Font Info:    Trying to load font information for OML+lmm on input line 1
11.
(c:/Users/OMPHILE/AppData/Roaming/TinyTeX/texmf-dist/tex/latex/lm/omllmm.fd
File: omllmm.fd 2015/05/01 v1.6.1 Font defs for Latin Modern
)
LaTeX Font Info:    Trying to load font information for OMS+lmsy on input line 
111.
(c:/Users/OMPHILE/AppData/Roaming/TinyTeX/texmf-dist/tex/latex/lm/omslmsy.fd
File: omslmsy.fd 2015/05/01 v1.6.1 Font defs for Latin Modern
)
LaTeX Font Info:    Trying to load font information for OMX+lmex on input line 
111.
(c:/Users/OMPHILE/AppData/Roaming/TinyTeX/texmf-dist/tex/latex/lm/omxlmex.fd
File: omxlmex.fd 2015/05/01 v1.6.1 Font defs for Latin Modern
)
LaTeX Font Info:    External font `lmex10' loaded for size
(Font)              <12.045> on input line 111.
LaTeX Font Info:    External font `lmex10' loaded for size
(Font)              <8> on input line 111.
LaTeX Font Info:    External font `lmex10' loaded for size
(Font)              <6> on input line 111.
LaTeX Font Info:    Trying to load font information for U+msa on input line 111
.

(c:/Users/OMPHILE/AppData/Roaming/TinyTeX/texmf-dist/tex/latex/amsfonts/umsa.fd
File: umsa.fd 2013/01/14 v3.01 AMS symbols A
)
LaTeX Font Info:    Trying to load font information for U+msb on input line 111
.

(c:/Users/OMPHILE/AppData/Roaming/TinyTeX/texmf-dist/tex/latex/amsfonts/umsb.fd
File: umsb.fd 2013/01/14 v3.01 AMS symbols B
)
LaTeX Font Info:    External font `lmex10' loaded for size
(Font)              <10.53937> on input line 138.
LaTeX Font Info:    External font `lmex10' loaded for size
(Font)              <7> on input line 138.
LaTeX Font Info:    External font `lmex10' loaded for size
(Font)              <5> on input line 138.
LaTeX Font Info:    Trying to load font information for T1+lmtt on input line 1
45.
(c:/Users/OMPHILE/AppData/Roaming/TinyTeX/texmf-dist/tex/latex/lm/t1lmtt.fd
File: t1lmtt.fd 2015/05/01 v1.6.1 Font defs for Latin Modern
)
(c:/Users/OMPHILE/AppData/Roaming/TinyTeX/texmf-dist/tex/generic/ctex/zhmap/cte
x-zhmap-windows.tex
File: ctex-zhmap-windows.tex 2021/06/20 v2.5.7 Windows font map loader for pdfT
eX and DVIPDFMx (CTEX)
{c:/Users/OMPHILE/AppData/Roaming/TinyTeX/texmf-var/fonts/map/pdftex/updmap/pdf
tex.map}{UGBK.sfd}{Unicode.sfd}) [1

] [2]
Overfull \hbox (53.38733pt too wide) in paragraph at lines 308--308
[]\T1/lmtt/m/n/10.53937 ##   ï..Age Attrition    BusinessTravel DailyRate      
       Department[] 
 []


Overfull \hbox (53.38733pt too wide) in paragraph at lines 308--308
[]\T1/lmtt/m/n/10.53937 ## 1     41       Yes     Travel_Rarely      1102      
            Sales[] 
 []


Overfull \hbox (53.38733pt too wide) in paragraph at lines 308--308
[]\T1/lmtt/m/n/10.53937 ## 2     49        No Travel_Frequently       279 Resea
rch & Development[] 
 []


Overfull \hbox (53.38733pt too wide) in paragraph at lines 308--308
[]\T1/lmtt/m/n/10.53937 ## 3     37       Yes     Travel_Rarely      1373 Resea
rch & Development[] 
 []


Overfull \hbox (53.38733pt too wide) in paragraph at lines 308--308
[]\T1/lmtt/m/n/10.53937 ## 4     33        No Travel_Frequently      1392 Resea
rch & Development[] 
 []


Overfull \hbox (53.38733pt too wide) in paragraph at lines 308--308
[]\T1/lmtt/m/n/10.53937 ## 5     27        No     Travel_Rarely       591 Resea
rch & Development[] 
 []


Overfull \hbox (53.38733pt too wide) in paragraph at lines 308--308
[]\T1/lmtt/m/n/10.53937 ## 6     32        No Travel_Frequently      1005 Resea
rch & Development[] 
 []


Overfull \hbox (69.9868pt too wide) in paragraph at lines 308--308
[]\T1/lmtt/m/n/10.53937 ##   DistanceFromHome Education EducationField Employee
Count EmployeeNumber[] 
 []


Overfull \hbox (69.9868pt too wide) in paragraph at lines 308--308
[]\T1/lmtt/m/n/10.53937 ## 1                1         2  Life Sciences         
    1              1[] 
 []


Overfull \hbox (69.9868pt too wide) in paragraph at lines 308--308
[]\T1/lmtt/m/n/10.53937 ## 2                8         1  Life Sciences         
    1              2[] 
 []


Overfull \hbox (69.9868pt too wide) in paragraph at lines 308--308
[]\T1/lmtt/m/n/10.53937 ## 3                2         2          Other         
    1              4[] 
 []


Overfull \hbox (69.9868pt too wide) in paragraph at lines 308--308
[]\T1/lmtt/m/n/10.53937 ## 4                3         4  Life Sciences         
    1              5[] 
 []


Overfull \hbox (69.9868pt too wide) in paragraph at lines 308--308
[]\T1/lmtt/m/n/10.53937 ## 5                2         1        Medical         
    1              7[] 
 []


Overfull \hbox (69.9868pt too wide) in paragraph at lines 308--308
[]\T1/lmtt/m/n/10.53937 ## 6                2         2  Life Sciences         
    1              8[] 
 []


Overfull \hbox (42.32101pt too wide) in paragraph at lines 308--308
[]\T1/lmtt/m/n/10.53937 ##   EnvironmentSatisfaction Gender HourlyRate JobInvol
vement JobLevel[] 
 []


Overfull \hbox (42.32101pt too wide) in paragraph at lines 308--308
[]\T1/lmtt/m/n/10.53937 ## 1                       2 Female         94         
     3        2[] 
 []

[3]
Overfull \hbox (42.32101pt too wide) in paragraph at lines 308--308
[]\T1/lmtt/m/n/10.53937 ## 2                       3   Male         61         
     2        2[] 
 []


Overfull \hbox (42.32101pt too wide) in paragraph at lines 308--308
[]\T1/lmtt/m/n/10.53937 ## 3                       4   Male         92         
     2        1[] 
 []


Overfull \hbox (42.32101pt too wide) in paragraph at lines 308--308
[]\T1/lmtt/m/n/10.53937 ## 4                       4 Female         56         
     3        1[] 
 []


Overfull \hbox (42.32101pt too wide) in paragraph at lines 308--308
[]\T1/lmtt/m/n/10.53937 ## 5                       1   Male         40         
     3        1[] 
 []


Overfull \hbox (42.32101pt too wide) in paragraph at lines 308--308
[]\T1/lmtt/m/n/10.53937 ## 6                       4   Male         79         
     3        1[] 
 []


Overfull \hbox (108.7189pt too wide) in paragraph at lines 308--308
[]\T1/lmtt/m/n/10.53937 ##                 JobRole JobSatisfaction MaritalStatu
s MonthlyIncome MonthlyRate[] 
 []


Overfull \hbox (108.7189pt too wide) in paragraph at lines 308--308
[]\T1/lmtt/m/n/10.53937 ## 1       Sales Executive               4        Singl
e          5993       19479[] 
 []


Overfull \hbox (108.7189pt too wide) in paragraph at lines 308--308
[]\T1/lmtt/m/n/10.53937 ## 2    Research Scientist               2       Marrie
d          5130       24907[] 
 []


Overfull \hbox (108.7189pt too wide) in paragraph at lines 308--308
[]\T1/lmtt/m/n/10.53937 ## 3 Laboratory Technician               3        Singl
e          2090        2396[] 
 []


Overfull \hbox (108.7189pt too wide) in paragraph at lines 308--308
[]\T1/lmtt/m/n/10.53937 ## 4    Research Scientist               3       Marrie
d          2909       23159[] 
 []


Overfull \hbox (108.7189pt too wide) in paragraph at lines 308--308
[]\T1/lmtt/m/n/10.53937 ## 5 Laboratory Technician               2       Marrie
d          3468       16632[] 
 []


Overfull \hbox (108.7189pt too wide) in paragraph at lines 308--308
[]\T1/lmtt/m/n/10.53937 ## 6 Laboratory Technician               4        Singl
e          3068       11864[] 
 []


Overfull \hbox (69.9868pt too wide) in paragraph at lines 308--308
[]\T1/lmtt/m/n/10.53937 ##   NumCompaniesWorked Over18 OverTime PercentSalaryHi
ke PerformanceRating[] 
 []


Overfull \hbox (69.9868pt too wide) in paragraph at lines 308--308
[]\T1/lmtt/m/n/10.53937 ## 1                  8      Y      Yes                
11                 3[] 
 []


Overfull \hbox (69.9868pt too wide) in paragraph at lines 308--308
[]\T1/lmtt/m/n/10.53937 ## 2                  1      Y       No                
23                 4[] 
 []


Overfull \hbox (69.9868pt too wide) in paragraph at lines 308--308
[]\T1/lmtt/m/n/10.53937 ## 3                  6      Y      Yes                
15                 3[] 
 []


Overfull \hbox (69.9868pt too wide) in paragraph at lines 308--308
[]\T1/lmtt/m/n/10.53937 ## 4                  1      Y      Yes                
11                 3[] 
 []


Overfull \hbox (69.9868pt too wide) in paragraph at lines 308--308
[]\T1/lmtt/m/n/10.53937 ## 5                  9      Y       No                
12                 3[] 
 []


Overfull \hbox (69.9868pt too wide) in paragraph at lines 308--308
[]\T1/lmtt/m/n/10.53937 ## 6                  0      Y       No                
13                 3[] 
 []


Overfull \hbox (86.58627pt too wide) in paragraph at lines 308--308
[]\T1/lmtt/m/n/10.53937 ##   RelationshipSatisfaction StandardHours StockOption
Level TotalWorkingYears[] 
 []


Overfull \hbox (86.58627pt too wide) in paragraph at lines 308--308
[]\T1/lmtt/m/n/10.53937 ## 1                        1            80            
    0                 8[] 
 []


Overfull \hbox (86.58627pt too wide) in paragraph at lines 308--308
[]\T1/lmtt/m/n/10.53937 ## 2                        4            80            
    1                10[] 
 []


Overfull \hbox (86.58627pt too wide) in paragraph at lines 308--308
[]\T1/lmtt/m/n/10.53937 ## 3                        2            80            
    0                 7[] 
 []


Overfull \hbox (86.58627pt too wide) in paragraph at lines 308--308
[]\T1/lmtt/m/n/10.53937 ## 4                        3            80            
    0                 8[] 
 []


Overfull \hbox (86.58627pt too wide) in paragraph at lines 308--308
[]\T1/lmtt/m/n/10.53937 ## 5                        4            80            
    1                 6[] 
 []


Overfull \hbox (86.58627pt too wide) in paragraph at lines 308--308
[]\T1/lmtt/m/n/10.53937 ## 6                        3            80            
    0                 8[] 
 []


Overfull \hbox (75.51996pt too wide) in paragraph at lines 308--308
[]\T1/lmtt/m/n/10.53937 ##   TrainingTimesLastYear WorkLifeBalance YearsAtCompa
ny YearsInCurrentRole[] 
 []


Overfull \hbox (75.51996pt too wide) in paragraph at lines 308--308
[]\T1/lmtt/m/n/10.53937 ## 1                     0               1             
 6                  4[] 
 []


Overfull \hbox (75.51996pt too wide) in paragraph at lines 308--308
[]\T1/lmtt/m/n/10.53937 ## 2                     3               3             
10                  7[] 
 []


Overfull \hbox (75.51996pt too wide) in paragraph at lines 308--308
[]\T1/lmtt/m/n/10.53937 ## 3                     3               3             
 0                  0[] 
 []


Overfull \hbox (75.51996pt too wide) in paragraph at lines 308--308
[]\T1/lmtt/m/n/10.53937 ## 4                     3               3             
 8                  7[] 
 []

[4]
Overfull \hbox (75.51996pt too wide) in paragraph at lines 308--308
[]\T1/lmtt/m/n/10.53937 ## 5                     3               3             
 2                  2[] 
 []


Overfull \hbox (75.51996pt too wide) in paragraph at lines 308--308
[]\T1/lmtt/m/n/10.53937 ## 6                     2               2             
 7                  7[] 
 []


Overfull \hbox (36.78786pt too wide) in paragraph at lines 383--383
[]\T1/lmtt/m/n/10.53937 ##      ï..Age       Attrition         BusinessTravel  
     DailyRate[] 
 []


Overfull \hbox (53.38733pt too wide) in paragraph at lines 383--383
[]\T1/lmtt/m/n/10.53937 ##  Min.   :18.00   Length:1470        Length:1470     
   Min.   : 102.0[] 
 []


Overfull \hbox (53.38733pt too wide) in paragraph at lines 383--383
[]\T1/lmtt/m/n/10.53937 ##  1st Qu.:30.00   Class :character   Class :character
   1st Qu.: 465.0[] 
 []


Overfull \hbox (53.38733pt too wide) in paragraph at lines 383--383
[]\T1/lmtt/m/n/10.53937 ##  Median :36.00   Mode  :character   Mode  :character
   Median : 802.0[] 
 []


Overfull \hbox (53.38733pt too wide) in paragraph at lines 383--383
[]\T1/lmtt/m/n/10.53937 ##  Mean   :36.92                                      
   Mean   : 802.5[] 
 []


Overfull \hbox (53.38733pt too wide) in paragraph at lines 383--383
[]\T1/lmtt/m/n/10.53937 ##  3rd Qu.:43.00                                      
   3rd Qu.:1157.0[] 
 []


Overfull \hbox (53.38733pt too wide) in paragraph at lines 383--383
[]\T1/lmtt/m/n/10.53937 ##  Max.   :60.00                                      
   Max.   :1499.0[] 
 []


Overfull \hbox (42.32101pt too wide) in paragraph at lines 383--383
[]\T1/lmtt/m/n/10.53937 ##   Department        DistanceFromHome   Education    
 EducationField[] 
 []


Overfull \hbox (25.72154pt too wide) in paragraph at lines 383--383
[]\T1/lmtt/m/n/10.53937 ##  Length:1470        Min.   : 1.000   Min.   :1.000  
 Length:1470[] 
 []


Overfull \hbox (53.38733pt too wide) in paragraph at lines 383--383
[]\T1/lmtt/m/n/10.53937 ##  Class :character   1st Qu.: 2.000   1st Qu.:2.000  
 Class :character[] 
 []


Overfull \hbox (53.38733pt too wide) in paragraph at lines 383--383
[]\T1/lmtt/m/n/10.53937 ##  Mode  :character   Median : 7.000   Median :3.000  
 Mode  :character[] 
 []


Overfull \hbox (31.2547pt too wide) in paragraph at lines 383--383
[]\T1/lmtt/m/n/10.53937 ##  EmployeeCount EmployeeNumber   EnvironmentSatisfact
ion    Gender[] 
 []


Overfull \hbox (42.32101pt too wide) in paragraph at lines 383--383
[]\T1/lmtt/m/n/10.53937 ##  Min.   :1     Min.   :   1.0   Min.   :1.000       
    Length:1470[] 
 []


Overfull \hbox (69.9868pt too wide) in paragraph at lines 383--383
[]\T1/lmtt/m/n/10.53937 ##  1st Qu.:1     1st Qu.: 491.2   1st Qu.:2.000       
    Class :character[] 
 []


Overfull \hbox (69.9868pt too wide) in paragraph at lines 383--383
[]\T1/lmtt/m/n/10.53937 ##  Median :1     Median :1020.5   Median :3.000       
    Mode  :character[] 
 []

[5]
Overfull \hbox (3.58891pt too wide) in paragraph at lines 383--383
[]\T1/lmtt/m/n/10.53937 ##  Min.   : 30.00   Min.   :1.00   Min.   :1.000   Len
gth:1470[] 
 []


Overfull \hbox (31.2547pt too wide) in paragraph at lines 383--383
[]\T1/lmtt/m/n/10.53937 ##  1st Qu.: 48.00   1st Qu.:2.00   1st Qu.:1.000   Cla
ss :character[] 
 []


Overfull \hbox (31.2547pt too wide) in paragraph at lines 383--383
[]\T1/lmtt/m/n/10.53937 ##  Median : 66.00   Median :3.00   Median :2.000   Mod
e  :character[] 
 []


Overfull \hbox (25.72154pt too wide) in paragraph at lines 383--383
[]\T1/lmtt/m/n/10.53937 ##  JobSatisfaction MaritalStatus      MonthlyIncome   
 MonthlyRate[] 
 []


Overfull \hbox (31.2547pt too wide) in paragraph at lines 383--383
[]\T1/lmtt/m/n/10.53937 ##  Min.   :1.000   Length:1470        Min.   : 1009   
Min.   : 2094[] 
 []


Overfull \hbox (31.2547pt too wide) in paragraph at lines 383--383
[]\T1/lmtt/m/n/10.53937 ##  1st Qu.:2.000   Class :character   1st Qu.: 2911   
1st Qu.: 8047[] 
 []


Overfull \hbox (31.2547pt too wide) in paragraph at lines 383--383
[]\T1/lmtt/m/n/10.53937 ##  Median :3.000   Mode  :character   Median : 4919   
Median :14236[] 
 []


Overfull \hbox (31.2547pt too wide) in paragraph at lines 383--383
[]\T1/lmtt/m/n/10.53937 ##  Mean   :2.729                      Mean   : 6503   
Mean   :14313[] 
 []


Overfull \hbox (31.2547pt too wide) in paragraph at lines 383--383
[]\T1/lmtt/m/n/10.53937 ##  3rd Qu.:4.000                      3rd Qu.: 8379   
3rd Qu.:20462[] 
 []


Overfull \hbox (31.2547pt too wide) in paragraph at lines 383--383
[]\T1/lmtt/m/n/10.53937 ##  Max.   :4.000                      Max.   :19999   
Max.   :26999[] 
 []


Overfull \hbox (86.58627pt too wide) in paragraph at lines 383--383
[]\T1/lmtt/m/n/10.53937 ##  NumCompaniesWorked    Over18            OverTime   
      PercentSalaryHike[] 
 []


Overfull \hbox (64.45364pt too wide) in paragraph at lines 383--383
[]\T1/lmtt/m/n/10.53937 ##  Min.   :0.000      Length:1470        Length:1470  
      Min.   :11.00[] 
 []


Overfull \hbox (64.45364pt too wide) in paragraph at lines 383--383
[]\T1/lmtt/m/n/10.53937 ##  1st Qu.:1.000      Class :character   Class :charac
ter   1st Qu.:12.00[] 
 []


Overfull \hbox (64.45364pt too wide) in paragraph at lines 383--383
[]\T1/lmtt/m/n/10.53937 ##  Median :2.000      Mode  :character   Mode  :charac
ter   Median :14.00[] 
 []


Overfull \hbox (64.45364pt too wide) in paragraph at lines 383--383
[]\T1/lmtt/m/n/10.53937 ##  Mean   :2.693                                      
      Mean   :15.21[] 
 []


Overfull \hbox (64.45364pt too wide) in paragraph at lines 383--383
[]\T1/lmtt/m/n/10.53937 ##  3rd Qu.:4.000                                      
      3rd Qu.:18.00[] 
 []


Overfull \hbox (64.45364pt too wide) in paragraph at lines 383--383
[]\T1/lmtt/m/n/10.53937 ##  Max.   :9.000                                      
      Max.   :25.00[] 
 []


Overfull \hbox (81.05312pt too wide) in paragraph at lines 383--383
[]\T1/lmtt/m/n/10.53937 ##  PerformanceRating RelationshipSatisfaction Standard
Hours StockOptionLevel[] 
 []


Overfull \hbox (69.9868pt too wide) in paragraph at lines 383--383
[]\T1/lmtt/m/n/10.53937 ##  Min.   :3.000     Min.   :1.000            Min.   :
80    Min.   :0.0000[] 
 []


Overfull \hbox (69.9868pt too wide) in paragraph at lines 383--383
[]\T1/lmtt/m/n/10.53937 ##  1st Qu.:3.000     1st Qu.:2.000            1st Qu.:
80    1st Qu.:0.0000[] 
 []


Overfull \hbox (69.9868pt too wide) in paragraph at lines 383--383
[]\T1/lmtt/m/n/10.53937 ##  Median :3.000     Median :3.000            Median :
80    Median :1.0000[] 
 []


Overfull \hbox (69.9868pt too wide) in paragraph at lines 383--383
[]\T1/lmtt/m/n/10.53937 ##  Mean   :3.154     Mean   :2.712            Mean   :
80    Mean   :0.7939[] 
 []


Overfull \hbox (69.9868pt too wide) in paragraph at lines 383--383
[]\T1/lmtt/m/n/10.53937 ##  3rd Qu.:3.000     3rd Qu.:4.000            3rd Qu.:
80    3rd Qu.:1.0000[] 
 []


Overfull \hbox (69.9868pt too wide) in paragraph at lines 383--383
[]\T1/lmtt/m/n/10.53937 ##  Max.   :4.000     Max.   :4.000            Max.   :
80    Max.   :3.0000[] 
 []


Overfull \hbox (64.45364pt too wide) in paragraph at lines 383--383
[]\T1/lmtt/m/n/10.53937 ##  TotalWorkingYears TrainingTimesLastYear WorkLifeBal
ance YearsAtCompany[] 
 []


Overfull \hbox (64.45364pt too wide) in paragraph at lines 383--383
[]\T1/lmtt/m/n/10.53937 ##  Min.   : 0.00     Min.   :0.000         Min.   :1.0
00   Min.   : 0.000[] 
 []


Overfull \hbox (64.45364pt too wide) in paragraph at lines 383--383
[]\T1/lmtt/m/n/10.53937 ##  1st Qu.: 6.00     1st Qu.:2.000         1st Qu.:2.0
00   1st Qu.: 3.000[] 
 []

[6]
Overfull \hbox (64.45364pt too wide) in paragraph at lines 383--383
[]\T1/lmtt/m/n/10.53937 ##  Median :10.00     Median :3.000         Median :3.0
00   Median : 5.000[] 
 []


Overfull \hbox (64.45364pt too wide) in paragraph at lines 383--383
[]\T1/lmtt/m/n/10.53937 ##  Mean   :11.28     Mean   :2.799         Mean   :2.7
61   Mean   : 7.008[] 
 []


Overfull \hbox (64.45364pt too wide) in paragraph at lines 383--383
[]\T1/lmtt/m/n/10.53937 ##  3rd Qu.:15.00     3rd Qu.:3.000         3rd Qu.:3.0
00   3rd Qu.: 9.000[] 
 []


Overfull \hbox (64.45364pt too wide) in paragraph at lines 383--383
[]\T1/lmtt/m/n/10.53937 ##  Max.   :40.00     Max.   :6.000         Max.   :4.0
00   Max.   :40.000[] 
 []


Overfull \hbox (25.72154pt too wide) in paragraph at lines 383--383
[]\T1/lmtt/m/n/10.53937 ##  YearsInCurrentRole YearsSinceLastPromotion YearsWit
hCurrManager[] 
 []


Overfull \hbox (42.32101pt too wide) in paragraph at lines 441--441
[]\T1/lmtt/m/n/10.53937 ##  $ Age                     : int  41 49 37 33 27 32 
59 30 38 36 ...[] 
 []


Overfull \hbox (274.71362pt too wide) in paragraph at lines 441--441
[]\T1/lmtt/m/n/10.53937 ##  $ BusinessTravel          : chr  "Travel_Rarely" "T
ravel_Frequently" "Travel_Rarely" "Travel_Frequently" ...[] 
 []


Overfull \hbox (136.38469pt too wide) in paragraph at lines 441--441
[]\T1/lmtt/m/n/10.53937 ##  $ DailyRate               : int  1102 279 1373 1392
 591 1005 1324 1358 216 1299 ...[] 
 []


Overfull \hbox (335.57835pt too wide) in paragraph at lines 441--441
[]\T1/lmtt/m/n/10.53937 ##  $ Department              : chr  "Sales" "Research 
& Development" "Research & Development" "Research & Development" ...[] 
 []


Overfull \hbox (3.58891pt too wide) in paragraph at lines 441--441
[]\T1/lmtt/m/n/10.53937 ##  $ DistanceFromHome        : int  1 8 2 3 2 2 3 24 2
3 27 ...[] 
 []


Overfull \hbox (186.1831pt too wide) in paragraph at lines 441--441
[]\T1/lmtt/m/n/10.53937 ##  $ EducationField          : chr  "Life Sciences" "L
ife Sciences" "Other" "Life Sciences" ...[] 
 []


Overfull \hbox (9.12207pt too wide) in paragraph at lines 441--441
[]\T1/lmtt/m/n/10.53937 ##  $ EmployeeNumber          : int  1 2 4 5 7 8 10 11 
12 13 ...[] 
 []

[7]
Overfull \hbox (53.38733pt too wide) in paragraph at lines 441--441
[]\T1/lmtt/m/n/10.53937 ##  $ Gender                  : chr  "Female" "Male" "M
ale" "Female" ...[] 
 []


Overfull \hbox (42.32101pt too wide) in paragraph at lines 441--441
[]\T1/lmtt/m/n/10.53937 ##  $ HourlyRate              : int  94 61 92 56 40 79 
81 67 44 94 ...[] 
 []


Overfull \hbox (341.11151pt too wide) in paragraph at lines 441--441
[]\T1/lmtt/m/n/10.53937 ##  $ JobRole                 : chr  "Sales Executive" 
"Research Scientist" "Laboratory Technician" "Research Scientist" ...[] 
 []


Overfull \hbox (86.58627pt too wide) in paragraph at lines 441--441
[]\T1/lmtt/m/n/10.53937 ##  $ MaritalStatus           : chr  "Single" "Married"
 "Single" "Married" ...[] 
 []


Overfull \hbox (152.98416pt too wide) in paragraph at lines 441--441
[]\T1/lmtt/m/n/10.53937 ##  $ MonthlyIncome           : int  5993 5130 2090 290
9 3468 3068 2670 2693 9526 5237 ...[] 
 []


Overfull \hbox (191.71626pt too wide) in paragraph at lines 441--441
[]\T1/lmtt/m/n/10.53937 ##  $ MonthlyRate             : int  19479 24907 2396 2
3159 16632 11864 9964 13335 8787 16577 ...[] 
 []


Overfull \hbox (3.58891pt too wide) in paragraph at lines 441--441
[]\T1/lmtt/m/n/10.53937 ##  $ OverTime                : chr  "Yes" "No" "Yes" "
Yes" ...[] 
 []


Overfull \hbox (42.32101pt too wide) in paragraph at lines 441--441
[]\T1/lmtt/m/n/10.53937 ##  $ PercentSalaryHike       : int  11 23 15 11 12 13 
20 22 21 13 ...[] 
 []


Overfull \hbox (42.32101pt too wide) in paragraph at lines 441--441
[]\T1/lmtt/m/n/10.53937 ##  $ StandardHours           : int  80 80 80 80 80 80 
80 80 80 80 ...[] 
 []


Overfull \hbox (9.12207pt too wide) in paragraph at lines 441--441
[]\T1/lmtt/m/n/10.53937 ##  $ TotalWorkingYears       : int  8 10 7 8 6 8 12 1 
10 17 ...[] 
 []

[8]
<attrition_files/figure-latex/unnamed-chunk-7-1.pdf, id=84, 469.755pt x 325.215
pt>
File: attrition_files/figure-latex/unnamed-chunk-7-1.pdf Graphic file (type pdf
)
<use attrition_files/figure-latex/unnamed-chunk-7-1.pdf>
Package pdftex.def Info: attrition_files/figure-latex/unnamed-chunk-7-1.pdf  us
ed on input line 489.
(pdftex.def)             Requested size: 344.997pt x 238.84406pt.

Underfull \hbox (badness 10000) in paragraph at lines 489--491
[][]
 []

[9 <./attrition_files/figure-latex/unnamed-chunk-7-1.pdf>]
<attrition_files/figure-latex/unnamed-chunk-8-1.pdf, id=95, 469.755pt x 325.215
pt>
File: attrition_files/figure-latex/unnamed-chunk-8-1.pdf Graphic file (type pdf
)
<use attrition_files/figure-latex/unnamed-chunk-8-1.pdf>
Package pdftex.def Info: attrition_files/figure-latex/unnamed-chunk-8-1.pdf  us
ed on input line 501.
(pdftex.def)             Requested size: 344.997pt x 238.84406pt.
<attrition_files/figure-latex/unnamed-chunk-9-1.pdf, id=96, 469.755pt x 325.215
pt>
File: attrition_files/figure-latex/unnamed-chunk-9-1.pdf Graphic file (type pdf
)
<use attrition_files/figure-latex/unnamed-chunk-9-1.pdf>
Package pdftex.def Info: attrition_files/figure-latex/unnamed-chunk-9-1.pdf  us
ed on input line 525.
(pdftex.def)             Requested size: 344.997pt x 238.84406pt.
[10 <./attrition_files/figure-latex/unnamed-chunk-8-1.pdf>]
<attrition_files/figure-latex/unnamed-chunk-10-1.pdf, id=107, 469.755pt x 325.2
15pt>
File: attrition_files/figure-latex/unnamed-chunk-10-1.pdf Graphic file (type pd
f)
<use attrition_files/figure-latex/unnamed-chunk-10-1.pdf>
Package pdftex.def Info: attrition_files/figure-latex/unnamed-chunk-10-1.pdf  u
sed on input line 547.
(pdftex.def)             Requested size: 344.997pt x 238.84406pt.
[11 <./attrition_files/figure-latex/unnamed-chunk-9-1.pdf>] [12 <./attrition_fi
les/figure-latex/unnamed-chunk-10-1.pdf>]
Underfull \hbox (badness 2285) in paragraph at lines 589--591
[]\T1/lmr/m/n/10.53937 corrgram(data, lower.panel = panel.shade, up-per.panel =
 panel.pie,
 []


Overfull \hbox (42.32101pt too wide) in paragraph at lines 651--651
[]\T1/lmtt/m/n/10.53937 ##  $ Age                     : int  41 49 37 33 27 32 
59 30 38 36 ...[] 
 []


Overfull \hbox (130.85153pt too wide) in paragraph at lines 651--651
[]\T1/lmtt/m/n/10.53937 ##  $ Attrition               : Factor w/ 2 levels "No"
,"Yes": 2 1 2 1 1 1 1 1 1 1 ...[] 
 []


Overfull \hbox (269.18047pt too wide) in paragraph at lines 651--651
[]\T1/lmtt/m/n/10.53937 ##  $ BusinessTravel          : Factor w/ 3 levels "Non
-Travel","Travel_Frequently",..: 3 2 3 2 3 2 3 3 2 3 ...[] 
 []


Overfull \hbox (136.38469pt too wide) in paragraph at lines 651--651
[]\T1/lmtt/m/n/10.53937 ##  $ DailyRate               : int  1102 279 1373 1392
 591 1005 1324 1358 216 1299 ...[] 
 []


Overfull \hbox (186.1831pt too wide) in paragraph at lines 651--651
[]\T1/lmtt/m/n/10.53937 ##  $ Department              : Factor w/ 3 levels "Hum
an Resources",..: 3 2 2 2 2 2 2 2 2 2 ...[] 
 []


Overfull \hbox (3.58891pt too wide) in paragraph at lines 651--651
[]\T1/lmtt/m/n/10.53937 ##  $ DistanceFromHome        : int  1 8 2 3 2 2 3 24 2
3 27 ...[] 
 []


Overfull \hbox (175.11679pt too wide) in paragraph at lines 651--651
[]\T1/lmtt/m/n/10.53937 ##  $ Education               : Factor w/ 5 levels "1",
"2","3","4",..: 2 1 2 4 1 2 3 1 3 3 ...[] 
 []


Overfull \hbox (186.1831pt too wide) in paragraph at lines 651--651
[]\T1/lmtt/m/n/10.53937 ##  $ EducationField          : Factor w/ 6 levels "Hum
an Resources",..: 2 2 5 2 4 2 4 2 2 4 ...[] 
 []


Overfull \hbox (9.12207pt too wide) in paragraph at lines 651--651
[]\T1/lmtt/m/n/10.53937 ##  $ EmployeeNumber          : int  1 2 4 5 7 8 10 11 
12 13 ...[] 
 []


Overfull \hbox (158.51732pt too wide) in paragraph at lines 651--651
[]\T1/lmtt/m/n/10.53937 ##  $ EnvironmentSatisfaction : Factor w/ 4 levels "1",
"2","3","4": 2 3 4 4 1 4 3 4 4 3 ...[] 
 []


Overfull \hbox (158.51732pt too wide) in paragraph at lines 651--651
[]\T1/lmtt/m/n/10.53937 ##  $ Gender                  : Factor w/ 2 levels "Fem
ale","Male": 1 2 2 1 2 2 1 2 2 2 ...[] 
 []


Overfull \hbox (42.32101pt too wide) in paragraph at lines 651--651
[]\T1/lmtt/m/n/10.53937 ##  $ HourlyRate              : int  94 61 92 56 40 79 
81 67 44 94 ...[] 
 []


Overfull \hbox (158.51732pt too wide) in paragraph at lines 651--651
[]\T1/lmtt/m/n/10.53937 ##  $ JobInvolvement          : Factor w/ 4 levels "1",
"2","3","4": 3 2 2 3 3 3 4 3 2 3 ...[] 
 []


Overfull \hbox (175.11679pt too wide) in paragraph at lines 651--651
[]\T1/lmtt/m/n/10.53937 ##  $ JobLevel                : Factor w/ 5 levels "1",
"2","3","4",..: 2 2 1 1 1 1 1 1 3 2 ...[] 
 []


Overfull \hbox (241.51468pt too wide) in paragraph at lines 651--651
[]\T1/lmtt/m/n/10.53937 ##  $ JobRole                 : Factor w/ 9 levels "Hea
lthcare Representative",..: 8 7 3 7 3 3 3 3 5 1 ...[] 
 []


Overfull \hbox (158.51732pt too wide) in paragraph at lines 651--651
[]\T1/lmtt/m/n/10.53937 ##  $ JobSatisfaction         : Factor w/ 4 levels "1",
"2","3","4": 4 2 3 3 2 4 1 3 3 3 ...[] 
 []

[13]
Overfull \hbox (202.78258pt too wide) in paragraph at lines 651--651
[]\T1/lmtt/m/n/10.53937 ##  $ MaritalStatus           : Factor w/ 3 levels "Div
orced","Married",..: 3 2 3 2 2 3 2 1 3 2 ...[] 
 []


Overfull \hbox (152.98416pt too wide) in paragraph at lines 651--651
[]\T1/lmtt/m/n/10.53937 ##  $ MonthlyIncome           : int  5993 5130 2090 290
9 3468 3068 2670 2693 9526 5237 ...[] 
 []


Overfull \hbox (191.71626pt too wide) in paragraph at lines 651--651
[]\T1/lmtt/m/n/10.53937 ##  $ MonthlyRate             : int  19479 24907 2396 2
3159 16632 11864 9964 13335 8787 16577 ...[] 
 []


Overfull \hbox (186.1831pt too wide) in paragraph at lines 651--651
[]\T1/lmtt/m/n/10.53937 ##  $ NumCompaniesWorked      : Factor w/ 10 levels "0"
,"1","2","3",..: 9 2 7 2 10 1 5 2 1 7 ...[] 
 []


Overfull \hbox (130.85153pt too wide) in paragraph at lines 651--651
[]\T1/lmtt/m/n/10.53937 ##  $ OverTime                : Factor w/ 2 levels "No"
,"Yes": 2 1 2 2 1 1 2 1 1 1 ...[] 
 []


Overfull \hbox (42.32101pt too wide) in paragraph at lines 651--651
[]\T1/lmtt/m/n/10.53937 ##  $ PercentSalaryHike       : int  11 23 15 11 12 13 
20 22 21 13 ...[] 
 []


Overfull \hbox (114.25206pt too wide) in paragraph at lines 651--651
[]\T1/lmtt/m/n/10.53937 ##  $ PerformanceRating       : Factor w/ 2 levels "3",
"4": 1 2 1 1 1 1 2 2 2 1 ...[] 
 []


Overfull \hbox (158.51732pt too wide) in paragraph at lines 651--651
[]\T1/lmtt/m/n/10.53937 ##  $ RelationshipSatisfaction: Factor w/ 4 levels "1",
"2","3","4": 1 4 2 3 4 3 1 2 2 2 ...[] 
 []


Overfull \hbox (158.51732pt too wide) in paragraph at lines 651--651
[]\T1/lmtt/m/n/10.53937 ##  $ StockOptionLevel        : Factor w/ 4 levels "0",
"1","2","3": 1 2 1 1 2 1 4 2 1 3 ...[] 
 []


Overfull \hbox (9.12207pt too wide) in paragraph at lines 651--651
[]\T1/lmtt/m/n/10.53937 ##  $ TotalWorkingYears       : int  8 10 7 8 6 8 12 1 
10 17 ...[] 
 []

[14]
LaTeX Font Info:    Font shape `T1/lmtt/bx/n' in size <10.53937> not available
(Font)              Font shape `T1/lmtt/b/n' tried instead on input line 679.

LaTeX Font Warning: Font shape `T1/lmtt/bx/it' in size <10.53937> not available

(Font)              Font shape `T1/lmtt/b/sl' tried instead on input line 679.

[15]
<attrition_files/figure-latex/unnamed-chunk-16-1.pdf, id=151, 469.755pt x 325.2
15pt>
File: attrition_files/figure-latex/unnamed-chunk-16-1.pdf Graphic file (type pd
f)
<use attrition_files/figure-latex/unnamed-chunk-16-1.pdf>
Package pdftex.def Info: attrition_files/figure-latex/unnamed-chunk-16-1.pdf  u
sed on input line 744.
(pdftex.def)             Requested size: 344.997pt x 238.84406pt.
[16 <./attrition_files/figure-latex/unnamed-chunk-16-1.pdf>] (./attrition.aux)
Package rerunfilecheck Info: File `attrition.out' has not changed.
(rerunfilecheck)             Checksum: D945DCDE2184F0084F6A5E3446E15AFD;1424.
 ) 
Here is how much of TeX's memory you used:
 14003 strings out of 480502
 233897 string characters out of 5897913
 543364 words of memory out of 5000000
 31325 multiletter control sequences out of 15000+600000
 448951 words of font info for 72 fonts, out of 8000000 for 9000
 14 hyphenation exceptions out of 8191
 76i,6n,82p,722b,494s stack positions out of 5000i,500n,10000p,200000b,80000s
{c:/Users/OMPHILE/AppData/Roaming/TinyTeX/texmf-dist/fonts/enc/dvips/lm/lm-ec
.enc}<c:/Users/OMPHILE/AppData/Roaming/TinyTeX/texmf-dist/fonts/type1/public/lm
/lmbx10.pfb><c:/Users/OMPHILE/AppData/Roaming/TinyTeX/texmf-dist/fonts/type1/pu
blic/lm/lmbx12.pfb><c:/Users/OMPHILE/AppData/Roaming/TinyTeX/texmf-dist/fonts/t
ype1/public/lm/lmr10.pfb><c:/Users/OMPHILE/AppData/Roaming/TinyTeX/texmf-dist/f
onts/type1/public/lm/lmr12.pfb><c:/Users/OMPHILE/AppData/Roaming/TinyTeX/texmf-
dist/fonts/type1/public/lm/lmr17.pfb><c:/Users/OMPHILE/AppData/Roaming/TinyTeX/
texmf-dist/fonts/type1/public/lm/lmtko10.pfb><c:/Users/OMPHILE/AppData/Roaming/
TinyTeX/texmf-dist/fonts/type1/public/lm/lmtt10.pfb>
Output written on attrition.pdf (16 pages, 261758 bytes).
PDF statistics:
 206 PDF objects out of 1000 (max. 8388607)
 162 compressed objects within 2 object streams
 39 named destinations out of 1000 (max. 500000)
 82 words of extra memory for PDF output out of 10000 (max. 10000000)

